<?xml version="1.0" encoding="UTF-8"?>
<!-- Generated by org.testng.reporters.JUnitXMLReporter -->
<testsuite ignored="0" hostname="LAPTOP-128BB7V0" failures="0" tests="6" name="Default test" time="13.794" errors="0" timestamp="2022-10-14T16:34:28 IST">
  <testcase classname="altoromutual.AltoroMutual" name="login" time="1.238"/>
  <testcase classname="altoromutual.AltoroMutual" name="login" time="1.163"/>
  <testcase classname="altoromutual.AltoroMutual" name="accountCheck" time="0.775"/>
  <testcase classname="altoromutual.AltoroMutual" name="transferFunds" time="1.23"/>
  <testcase classname="altoromutual.AltoroMutual" name="transactionDetails" time="0.394"/>
  <testcase classname="altoromutual.AltoroMutual" name="signOff" time="4.948"/>
</testsuite> <!-- Default test -->
