<?xml version="1.0" encoding="UTF-8"?>
<testng-results ignored="0" total="6" passed="6" failed="0" skipped="0">
  <reporter-output>
  </reporter-output>
  <suite started-at="2022-10-14T16:34:14 IST" name="Default suite" finished-at="2022-10-14T16:34:28 IST" duration-ms="13794">
    <groups>
    </groups>
    <test started-at="2022-10-14T16:34:14 IST" name="Default test" finished-at="2022-10-14T16:34:28 IST" duration-ms="13794">
      <class name="altoromutual.AltoroMutual">
        <test-method is-config="true" signature="browserLaunch()[pri:0, instance:altoromutual.AltoroMutual@35cabb2a]" started-at="2022-10-14T16:34:14 IST" name="browserLaunch" finished-at="2022-10-14T16:34:18 IST" duration-ms="3933" status="PASS">
          <reporter-output>
          </reporter-output>
        </test-method> <!-- browserLaunch -->
        <test-method is-config="true" signature="initializaeElements()[pri:0, instance:altoromutual.AltoroMutual@35cabb2a]" started-at="2022-10-14T16:34:18 IST" name="initializaeElements" finished-at="2022-10-14T16:34:18 IST" duration-ms="18" status="PASS">
          <reporter-output>
          </reporter-output>
        </test-method> <!-- initializaeElements -->
        <test-method signature="login(java.lang.String,java.lang.String)[pri:0, instance:altoromutual.AltoroMutual@35cabb2a]" started-at="2022-10-14T16:34:18 IST" name="login" data-provider="Altoro" finished-at="2022-10-14T16:34:19 IST" duration-ms="1238" status="PASS">
          <params>
            <param index="0">
              <value>
                <![CDATA[demo_user]]>
              </value>
            </param>
            <param index="1">
              <value>
                <![CDATA[demo_user]]>
              </value>
            </param>
          </params>
          <reporter-output>
          </reporter-output>
        </test-method> <!-- login -->
        <test-method is-config="true" signature="initializaeElements()[pri:0, instance:altoromutual.AltoroMutual@35cabb2a]" started-at="2022-10-14T16:34:19 IST" name="initializaeElements" finished-at="2022-10-14T16:34:19 IST" duration-ms="2" status="PASS">
          <reporter-output>
          </reporter-output>
        </test-method> <!-- initializaeElements -->
        <test-method signature="login(java.lang.String,java.lang.String)[pri:0, instance:altoromutual.AltoroMutual@35cabb2a]" started-at="2022-10-14T16:34:19 IST" name="login" data-provider="Altoro" finished-at="2022-10-14T16:34:21 IST" duration-ms="1163" status="PASS">
          <params>
            <param index="0">
              <value>
                <![CDATA[admin]]>
              </value>
            </param>
            <param index="1">
              <value>
                <![CDATA[admin]]>
              </value>
            </param>
          </params>
          <reporter-output>
          </reporter-output>
        </test-method> <!-- login -->
        <test-method is-config="true" signature="initializaeElements()[pri:0, instance:altoromutual.AltoroMutual@35cabb2a]" started-at="2022-10-14T16:34:21 IST" name="initializaeElements" finished-at="2022-10-14T16:34:21 IST" duration-ms="1" status="PASS">
          <reporter-output>
          </reporter-output>
        </test-method> <!-- initializaeElements -->
        <test-method signature="accountCheck()[pri:1, instance:altoromutual.AltoroMutual@35cabb2a]" started-at="2022-10-14T16:34:21 IST" name="accountCheck" finished-at="2022-10-14T16:34:21 IST" duration-ms="775" status="PASS">
          <reporter-output>
          </reporter-output>
        </test-method> <!-- accountCheck -->
        <test-method is-config="true" signature="initializaeElements()[pri:0, instance:altoromutual.AltoroMutual@35cabb2a]" started-at="2022-10-14T16:34:21 IST" name="initializaeElements" finished-at="2022-10-14T16:34:21 IST" duration-ms="3" status="PASS">
          <reporter-output>
          </reporter-output>
        </test-method> <!-- initializaeElements -->
        <test-method signature="transferFunds()[pri:2, instance:altoromutual.AltoroMutual@35cabb2a]" started-at="2022-10-14T16:34:21 IST" name="transferFunds" finished-at="2022-10-14T16:34:23 IST" duration-ms="1230" status="PASS">
          <reporter-output>
          </reporter-output>
        </test-method> <!-- transferFunds -->
        <test-method is-config="true" signature="initializaeElements()[pri:0, instance:altoromutual.AltoroMutual@35cabb2a]" started-at="2022-10-14T16:34:23 IST" name="initializaeElements" finished-at="2022-10-14T16:34:23 IST" duration-ms="0" status="PASS">
          <reporter-output>
          </reporter-output>
        </test-method> <!-- initializaeElements -->
        <test-method signature="transactionDetails()[pri:3, instance:altoromutual.AltoroMutual@35cabb2a]" started-at="2022-10-14T16:34:23 IST" name="transactionDetails" finished-at="2022-10-14T16:34:23 IST" duration-ms="394" status="PASS">
          <reporter-output>
          </reporter-output>
        </test-method> <!-- transactionDetails -->
        <test-method is-config="true" signature="initializaeElements()[pri:0, instance:altoromutual.AltoroMutual@35cabb2a]" started-at="2022-10-14T16:34:23 IST" name="initializaeElements" finished-at="2022-10-14T16:34:23 IST" duration-ms="18" status="PASS">
          <reporter-output>
          </reporter-output>
        </test-method> <!-- initializaeElements -->
        <test-method signature="signOff(java.lang.String,java.lang.String,java.lang.String)[pri:4, instance:altoromutual.AltoroMutual@35cabb2a]" started-at="2022-10-14T16:34:23 IST" name="signOff" data-provider="comments" finished-at="2022-10-14T16:34:28 IST" duration-ms="4948" status="PASS">
          <params>
            <param index="0">
              <value>
                <![CDATA[test123@gamil.com]]>
              </value>
            </param>
            <param index="1">
              <value>
                <![CDATA[test]]>
              </value>
            </param>
            <param index="2">
              <value>
                <![CDATA[test comment]]>
              </value>
            </param>
          </params>
          <reporter-output>
          </reporter-output>
        </test-method> <!-- signOff -->
        <test-method is-config="true" signature="tearDown()[pri:0, instance:altoromutual.AltoroMutual@35cabb2a]" started-at="2022-10-14T16:34:28 IST" name="tearDown" finished-at="2022-10-14T16:34:28 IST" duration-ms="0" status="PASS">
          <reporter-output>
          </reporter-output>
        </test-method> <!-- tearDown -->
      </class> <!-- altoromutual.AltoroMutual -->
    </test> <!-- Default test -->
  </suite> <!-- Default suite -->
</testng-results>
